{"/home/travis/build/npmtest/node-npmtest-jquerygo/test.js":{"path":"/home/travis/build/npmtest/node-npmtest-jquerygo/test.js","s":{"1":2,"2":2,"3":2,"4":2,"5":2,"6":2,"7":2,"8":1,"9":2,"10":2,"11":1,"12":1,"13":1,"14":1,"15":2,"16":2,"17":2,"18":2,"19":1,"20":1,"21":2,"22":2,"23":2,"24":1,"25":1,"26":1,"27":1,"28":1,"29":1,"30":1,"31":1,"32":1,"33":1,"34":1,"35":1,"36":1,"37":2,"38":2,"39":1,"40":2,"41":2,"42":1,"43":2,"44":2,"45":1,"46":2,"47":2,"48":1,"49":1,"50":1,"51":1,"52":1},"b":{"1":[2,1,1,1],"2":[1,1,1,1],"3":[1,1],"4":[1,1],"5":[1,1],"6":[1,1],"7":[1,1],"8":[1,1],"9":[1,1,1],"10":[1,1],"11":[1,1],"12":[1,1],"13":[1,1],"14":[1,1],"15":[1,1],"16":[1,1]},"f":{"1":2,"2":2,"3":2,"4":2,"5":2,"6":1,"7":1,"8":2,"9":2,"10":2,"11":2,"12":1},"fnMap":{"1":{"name":"(anonymous_1)","line":12,"loc":{"start":{"line":12,"column":1},"end":{"line":12,"column":13}}},"2":{"name":"(anonymous_2)","line":19,"loc":{"start":{"line":19,"column":5},"end":{"line":19,"column":17}}},"3":{"name":"(anonymous_3)","line":23,"loc":{"start":{"line":23,"column":24},"end":{"line":23,"column":36}}},"4":{"name":"(anonymous_4)","line":61,"loc":{"start":{"line":61,"column":5},"end":{"line":61,"column":17}}},"5":{"name":"(anonymous_5)","line":82,"loc":{"start":{"line":82,"column":5},"end":{"line":82,"column":17}}},"6":{"name":"(anonymous_6)","line":102,"loc":{"start":{"line":102,"column":83},"end":{"line":105,"column":10}},"skip":true},"7":{"name":"(anonymous_7)","line":113,"loc":{"start":{"line":113,"column":77},"end":{"line":116,"column":10}},"skip":true},"8":{"name":"(anonymous_8)","line":129,"loc":{"start":{"line":129,"column":12},"end":{"line":129,"column":40}},"skip":true},"9":{"name":"(anonymous_9)","line":137,"loc":{"start":{"line":137,"column":77},"end":{"line":140,"column":10}},"skip":true},"10":{"name":"(anonymous_10)","line":148,"loc":{"start":{"line":148,"column":83},"end":{"line":151,"column":10}},"skip":true},"11":{"name":"(anonymous_11)","line":159,"loc":{"start":{"line":159,"column":79},"end":{"line":162,"column":10}},"skip":true},"12":{"name":"(anonymous_12)","line":170,"loc":{"start":{"line":170,"column":75},"end":{"line":173,"column":10}},"skip":true}},"statementMap":{"1":{"start":{"line":12,"column":0},"end":{"line":185,"column":5}},"2":{"start":{"line":14,"column":4},"end":{"line":14,"column":14}},"3":{"start":{"line":19,"column":4},"end":{"line":56,"column":9}},"4":{"start":{"line":21,"column":8},"end":{"line":21,"column":19}},"5":{"start":{"line":23,"column":8},"end":{"line":35,"column":13}},"6":{"start":{"line":24,"column":12},"end":{"line":34,"column":13}},"7":{"start":{"line":25,"column":16},"end":{"line":28,"column":30}},"8":{"start":{"line":30,"column":16},"end":{"line":33,"column":27}},"9":{"start":{"line":37,"column":8},"end":{"line":39,"column":21}},"10":{"start":{"line":40,"column":8},"end":{"line":53,"column":9}},"11":{"start":{"line":43,"column":12},"end":{"line":46,"column":14}},"12":{"start":{"line":47,"column":12},"end":{"line":47,"column":18}},"13":{"start":{"line":50,"column":12},"end":{"line":51,"column":46}},"14":{"start":{"line":52,"column":12},"end":{"line":52,"column":18}},"15":{"start":{"line":55,"column":8},"end":{"line":55,"column":35}},"16":{"start":{"line":61,"column":4},"end":{"line":63,"column":9}},"17":{"start":{"line":62,"column":8},"end":{"line":62,"column":15}},"18":{"start":{"line":64,"column":4},"end":{"line":77,"column":5}},"19":{"start":{"line":70,"column":8},"end":{"line":70,"column":14}},"20":{"start":{"line":76,"column":8},"end":{"line":76,"column":14}},"21":{"start":{"line":82,"column":4},"end":{"line":84,"column":9}},"22":{"start":{"line":83,"column":8},"end":{"line":83,"column":15}},"23":{"start":{"line":85,"column":4},"end":{"line":184,"column":5}},"24":{"start":{"line":92,"column":8},"end":{"line":94,"column":63}},"25":{"start":{"line":95,"column":8},"end":{"line":95,"column":14}},"26":{"start":{"line":102,"column":8},"end":{"line":111,"column":10},"skip":true},"27":{"start":{"line":109,"column":12},"end":{"line":109,"column":55},"skip":true},"28":{"start":{"line":110,"column":12},"end":{"line":110,"column":48},"skip":true},"29":{"start":{"line":113,"column":8},"end":{"line":126,"column":10},"skip":true},"30":{"start":{"line":120,"column":12},"end":{"line":120,"column":76},"skip":true},"31":{"start":{"line":121,"column":12},"end":{"line":121,"column":73},"skip":true},"32":{"start":{"line":122,"column":12},"end":{"line":122,"column":74},"skip":true},"33":{"start":{"line":123,"column":12},"end":{"line":123,"column":79},"skip":true},"34":{"start":{"line":124,"column":12},"end":{"line":124,"column":25},"skip":true},"35":{"start":{"line":125,"column":12},"end":{"line":125,"column":45},"skip":true},"36":{"start":{"line":128,"column":8},"end":{"line":135,"column":14},"skip":true},"37":{"start":{"line":133,"column":16},"end":{"line":133,"column":29},"skip":true},"38":{"start":{"line":134,"column":16},"end":{"line":134,"column":55},"skip":true},"39":{"start":{"line":137,"column":8},"end":{"line":146,"column":10},"skip":true},"40":{"start":{"line":144,"column":12},"end":{"line":144,"column":25},"skip":true},"41":{"start":{"line":145,"column":12},"end":{"line":145,"column":45},"skip":true},"42":{"start":{"line":148,"column":8},"end":{"line":157,"column":10},"skip":true},"43":{"start":{"line":155,"column":12},"end":{"line":155,"column":25},"skip":true},"44":{"start":{"line":156,"column":12},"end":{"line":156,"column":48},"skip":true},"45":{"start":{"line":159,"column":8},"end":{"line":168,"column":10},"skip":true},"46":{"start":{"line":166,"column":12},"end":{"line":166,"column":25},"skip":true},"47":{"start":{"line":167,"column":12},"end":{"line":167,"column":46},"skip":true},"48":{"start":{"line":170,"column":8},"end":{"line":179,"column":10},"skip":true},"49":{"start":{"line":177,"column":12},"end":{"line":177,"column":94},"skip":true},"50":{"start":{"line":178,"column":12},"end":{"line":178,"column":48},"skip":true},"51":{"start":{"line":182,"column":8},"end":{"line":182,"column":35},"skip":true},"52":{"start":{"line":183,"column":8},"end":{"line":183,"column":14},"skip":true}},"branchMap":{"1":{"line":25,"type":"binary-expr","locations":[{"start":{"line":25,"column":23},"end":{"line":25,"column":62}},{"start":{"line":26,"column":20},"end":{"line":26,"column":70}},{"start":{"line":27,"column":20},"end":{"line":27,"column":71}},{"start":{"line":28,"column":20},"end":{"line":28,"column":29}}]},"2":{"line":30,"type":"binary-expr","locations":[{"start":{"line":30,"column":23},"end":{"line":30,"column":37}},{"start":{"line":31,"column":20},"end":{"line":31,"column":61}},{"start":{"line":32,"column":20},"end":{"line":32,"column":70}},{"start":{"line":33,"column":20},"end":{"line":33,"column":26}}]},"3":{"line":37,"type":"cond-expr","locations":[{"start":{"line":38,"column":14},"end":{"line":38,"column":20}},{"start":{"line":39,"column":14},"end":{"line":39,"column":20}}]},"4":{"line":40,"type":"switch","locations":[{"start":{"line":42,"column":8},"end":{"line":47,"column":18}},{"start":{"line":49,"column":8},"end":{"line":52,"column":18}}]},"5":{"line":44,"type":"binary-expr","locations":[{"start":{"line":44,"column":16},"end":{"line":44,"column":44}},{"start":{"line":44,"column":48},"end":{"line":44,"column":66}}]},"6":{"line":50,"type":"binary-expr","locations":[{"start":{"line":50,"column":21},"end":{"line":50,"column":49}},{"start":{"line":50,"column":53},"end":{"line":50,"column":72}}]},"7":{"line":64,"type":"switch","locations":[{"start":{"line":69,"column":4},"end":{"line":70,"column":14}},{"start":{"line":75,"column":4},"end":{"line":76,"column":14}}]},"8":{"line":85,"type":"switch","locations":[{"start":{"line":90,"column":4},"end":{"line":95,"column":14}},{"start":{"line":101,"column":4},"end":{"line":183,"column":14},"skip":true}]},"9":{"line":92,"type":"binary-expr","locations":[{"start":{"line":92,"column":18},"end":{"line":92,"column":32}},{"start":{"line":93,"column":12},"end":{"line":93,"column":53}},{"start":{"line":94,"column":12},"end":{"line":94,"column":61}}]},"10":{"line":102,"type":"binary-expr","locations":[{"start":{"line":102,"column":45},"end":{"line":102,"column":79},"skip":true},{"start":{"line":102,"column":83},"end":{"line":111,"column":9},"skip":true}]},"11":{"line":113,"type":"binary-expr","locations":[{"start":{"line":113,"column":42},"end":{"line":113,"column":73},"skip":true},{"start":{"line":113,"column":77},"end":{"line":126,"column":9},"skip":true}]},"12":{"line":128,"type":"binary-expr","locations":[{"start":{"line":128,"column":48},"end":{"line":128,"column":85},"skip":true},{"start":{"line":129,"column":12},"end":{"line":135,"column":13},"skip":true}]},"13":{"line":137,"type":"binary-expr","locations":[{"start":{"line":137,"column":42},"end":{"line":137,"column":73},"skip":true},{"start":{"line":137,"column":77},"end":{"line":146,"column":9},"skip":true}]},"14":{"line":148,"type":"binary-expr","locations":[{"start":{"line":148,"column":45},"end":{"line":148,"column":79},"skip":true},{"start":{"line":148,"column":83},"end":{"line":157,"column":9},"skip":true}]},"15":{"line":159,"type":"binary-expr","locations":[{"start":{"line":159,"column":43},"end":{"line":159,"column":75},"skip":true},{"start":{"line":159,"column":79},"end":{"line":168,"column":9},"skip":true}]},"16":{"line":170,"type":"binary-expr","locations":[{"start":{"line":170,"column":41},"end":{"line":170,"column":71},"skip":true},{"start":{"line":170,"column":75},"end":{"line":179,"column":9},"skip":true}]}},"code":["/* istanbul instrument in package npmtest_jquerygo */","/*jslint","    bitwise: true,","    browser: true,","    maxerr: 8,","    maxlen: 96,","    node: true,","    nomen: true,","    regexp: true,","    stupid: true","*/","(function () {","    'use strict';","    var local;","","","","    // run shared js-env code - pre-init","    (function () {","        // init local","        local = {};","        // init modeJs","        local.modeJs = (function () {","            try {","                return typeof navigator.userAgent === 'string' &&","                    typeof document.querySelector('body') === 'object' &&","                    typeof XMLHttpRequest.prototype.open === 'function' &&","                    'browser';","            } catch (errorCaughtBrowser) {","                return module.exports &&","                    typeof process.versions.node === 'string' &&","                    typeof require('http').createServer === 'function' &&","                    'node';","            }","        }());","        // init global","        local.global = local.modeJs === 'browser'","            ? window","            : global;","        switch (local.modeJs) {","        // re-init local from window.local","        case 'browser':","            local = local.global.utility2.objectSetDefault(","                local.global.utility2_rollup || local.global.local,","                local.global.utility2","            );","            break;","        // re-init local from example.js","        case 'node':","            local = (local.global.utility2_rollup || require('utility2'))","                .requireExampleJsFromReadme();","            break;","        }","        // export local","        local.global.local = local;","    }());","","","","    // run shared js-env code - function","    (function () {","        return;","    }());","    switch (local.modeJs) {","","","","    // run browser js-env code - function","    case 'browser':","        break;","","","","    // run node js-env code - function","    case 'node':","        break;","    }","","","","    // run shared js-env code - post-init","    (function () {","        return;","    }());","    switch (local.modeJs) {","","","","    // run browser js-env code - post-init","    case 'browser':","        // run tests","        local.nop(local.modeTest &&","            document.querySelector('#testRunButton1') &&","            document.querySelector('#testRunButton1').click());","        break;","","","","    // run node js-env code - post-init","    /* istanbul ignore next */","    case 'node':","        local.testCase_buildApidoc_default = local.testCase_buildApidoc_default || function (","            options,","            onError","        ) {","        /*","         * this function will test buildApidoc's default handling-behavior-behavior","         */","            options = { modulePathList: module.paths };","            local.buildApidoc(options, onError);","        };","","        local.testCase_buildApp_default = local.testCase_buildApp_default || function (","            options,","            onError","        ) {","        /*","         * this function will test buildApp's default handling-behavior-behavior","         */","            local.testCase_buildReadme_default(options, local.onErrorThrow);","            local.testCase_buildLib_default(options, local.onErrorThrow);","            local.testCase_buildTest_default(options, local.onErrorThrow);","            local.testCase_buildCustomOrg_default(options, local.onErrorThrow);","            options = [];","            local.buildApp(options, onError);","        };","","        local.testCase_buildCustomOrg_default = local.testCase_buildCustomOrg_default ||","            function (options, onError) {","            /*","             * this function will test buildCustomOrg's default handling-behavior","             */","                options = {};","                local.buildCustomOrg(options, onError);","            };","","        local.testCase_buildLib_default = local.testCase_buildLib_default || function (","            options,","            onError","        ) {","        /*","         * this function will test buildLib's default handling-behavior","         */","            options = {};","            local.buildLib(options, onError);","        };","","        local.testCase_buildReadme_default = local.testCase_buildReadme_default || function (","            options,","            onError","        ) {","        /*","         * this function will test buildReadme's default handling-behavior-behavior","         */","            options = {};","            local.buildReadme(options, onError);","        };","","        local.testCase_buildTest_default = local.testCase_buildTest_default || function (","            options,","            onError","        ) {","        /*","         * this function will test buildTest's default handling-behavior","         */","            options = {};","            local.buildTest(options, onError);","        };","","        local.testCase_webpage_default = local.testCase_webpage_default || function (","            options,","            onError","        ) {","        /*","         * this function will test webpage's default handling-behavior","         */","            options = { modeCoverageMerge: true, url: local.serverLocalHost + '?modeTest=1' };","            local.browserTest(options, onError);","        };","","        // run test-server","        local.testRunServer(local);","        break;","    }","}());",""],"l":{"12":2,"14":2,"19":2,"21":2,"23":2,"24":2,"25":2,"30":1,"37":2,"40":2,"43":1,"47":1,"50":1,"52":1,"55":2,"61":2,"62":2,"64":2,"70":1,"76":1,"82":2,"83":2,"85":2,"92":1,"95":1,"102":1,"109":1,"110":1,"113":1,"120":1,"121":1,"122":1,"123":1,"124":1,"125":1,"128":1,"133":2,"134":2,"137":1,"144":2,"145":2,"148":1,"155":2,"156":2,"159":1,"166":2,"167":2,"170":1,"177":1,"178":1,"182":1,"183":1}},"/home/travis/build/npmtest/node-npmtest-jquerygo/lib.npmtest_jquerygo.js":{"path":"/home/travis/build/npmtest/node-npmtest-jquerygo/lib.npmtest_jquerygo.js","s":{"1":2,"2":2,"3":2,"4":2,"5":2,"6":2,"7":2,"8":1,"9":2,"10":2,"11":2,"12":2,"13":1,"14":1,"15":1,"16":1},"b":{"1":[2,1,1,1],"2":[1,1,1,1],"3":[1,1],"4":[2,2],"5":[1,1]},"f":{"1":2,"2":2,"3":2},"fnMap":{"1":{"name":"(anonymous_1)","line":12,"loc":{"start":{"line":12,"column":1},"end":{"line":12,"column":13}}},"2":{"name":"(anonymous_2)","line":19,"loc":{"start":{"line":19,"column":5},"end":{"line":19,"column":17}}},"3":{"name":"(anonymous_3)","line":23,"loc":{"start":{"line":23,"column":24},"end":{"line":23,"column":36}}}},"statementMap":{"1":{"start":{"line":12,"column":0},"end":{"line":53,"column":5}},"2":{"start":{"line":14,"column":4},"end":{"line":14,"column":14}},"3":{"start":{"line":19,"column":4},"end":{"line":52,"column":9}},"4":{"start":{"line":21,"column":8},"end":{"line":21,"column":19}},"5":{"start":{"line":23,"column":8},"end":{"line":35,"column":13}},"6":{"start":{"line":24,"column":12},"end":{"line":34,"column":13}},"7":{"start":{"line":25,"column":16},"end":{"line":28,"column":30}},"8":{"start":{"line":30,"column":16},"end":{"line":33,"column":27}},"9":{"start":{"line":37,"column":8},"end":{"line":39,"column":21}},"10":{"start":{"line":41,"column":8},"end":{"line":41,"column":54}},"11":{"start":{"line":43,"column":8},"end":{"line":43,"column":53}},"12":{"start":{"line":45,"column":8},"end":{"line":51,"column":9}},"13":{"start":{"line":46,"column":12},"end":{"line":46,"column":59}},"14":{"start":{"line":48,"column":12},"end":{"line":48,"column":35}},"15":{"start":{"line":49,"column":12},"end":{"line":49,"column":49}},"16":{"start":{"line":50,"column":12},"end":{"line":50,"column":43}}},"branchMap":{"1":{"line":25,"type":"binary-expr","locations":[{"start":{"line":25,"column":23},"end":{"line":25,"column":62}},{"start":{"line":26,"column":20},"end":{"line":26,"column":70}},{"start":{"line":27,"column":20},"end":{"line":27,"column":71}},{"start":{"line":28,"column":20},"end":{"line":28,"column":29}}]},"2":{"line":30,"type":"binary-expr","locations":[{"start":{"line":30,"column":23},"end":{"line":30,"column":37}},{"start":{"line":31,"column":20},"end":{"line":31,"column":61}},{"start":{"line":32,"column":20},"end":{"line":32,"column":70}},{"start":{"line":33,"column":20},"end":{"line":33,"column":26}}]},"3":{"line":37,"type":"cond-expr","locations":[{"start":{"line":38,"column":14},"end":{"line":38,"column":20}},{"start":{"line":39,"column":14},"end":{"line":39,"column":20}}]},"4":{"line":41,"type":"binary-expr","locations":[{"start":{"line":41,"column":16},"end":{"line":41,"column":44}},{"start":{"line":41,"column":48},"end":{"line":41,"column":53}}]},"5":{"line":45,"type":"if","locations":[{"start":{"line":45,"column":8},"end":{"line":45,"column":8}},{"start":{"line":45,"column":8},"end":{"line":45,"column":8}}]}},"code":["/* istanbul instrument in package npmtest_jquerygo */","/*jslint","    bitwise: true,","    browser: true,","    maxerr: 8,","    maxlen: 96,","    node: true,","    nomen: true,","    regexp: true,","    stupid: true","*/","(function () {","    'use strict';","    var local;","","","","    // run shared js-env code - pre-init","    (function () {","        // init local","        local = {};","        // init modeJs","        local.modeJs = (function () {","            try {","                return typeof navigator.userAgent === 'string' &&","                    typeof document.querySelector('body') === 'object' &&","                    typeof XMLHttpRequest.prototype.open === 'function' &&","                    'browser';","            } catch (errorCaughtBrowser) {","                return module.exports &&","                    typeof process.versions.node === 'string' &&","                    typeof require('http').createServer === 'function' &&","                    'node';","            }","        }());","        // init global","        local.global = local.modeJs === 'browser'","            ? window","            : global;","        // init utility2_rollup","        local = local.global.utility2_rollup || local;","        // init lib","        local.local = local.npmtest_jquerygo = local;","        // init exports","        if (local.modeJs === 'browser') {","            local.global.utility2_npmtest_jquerygo = local;","        } else {","            module.exports = local;","            module.exports.__dirname = __dirname;","            module.exports.module = module;","        }","    }());","}());",""],"l":{"12":2,"14":2,"19":2,"21":2,"23":2,"24":2,"25":2,"30":1,"37":2,"41":2,"43":2,"45":2,"46":1,"48":1,"49":1,"50":1}},"/home/travis/build/npmtest/node-npmtest-jquerygo/example.js":{"path":"/home/travis/build/npmtest/node-npmtest-jquerygo/example.js","s":{"1":2,"2":2,"3":2,"4":2,"5":2,"6":2,"7":2,"8":1,"9":2,"10":2,"11":2,"12":2,"13":1,"14":2,"15":2,"16":2,"17":2,"18":2,"19":0,"20":2,"21":1,"22":1,"23":1,"24":1,"25":1,"26":0,"27":0,"28":1,"29":1,"30":2,"31":0,"32":0,"33":0,"34":1,"35":2,"36":2,"37":2,"38":2,"39":2,"40":2,"41":0,"42":2,"43":2,"44":2,"45":1,"46":3,"47":1,"48":1,"49":1,"50":1,"51":1,"52":1,"53":1,"54":1,"55":1,"56":1,"57":0,"58":1,"59":6,"60":6,"61":1,"62":2,"63":0,"64":2,"65":1,"66":1,"67":0,"68":0,"69":0,"70":0,"71":0,"72":0,"73":0,"74":0,"75":0,"76":0,"77":0,"78":0,"79":0,"80":0,"81":0,"82":0,"83":0},"b":{"1":[2,1,1,1],"2":[1,1,1,1],"3":[1,1],"4":[2,2],"5":[1,1],"6":[1,1],"7":[2,0],"8":[2,1,1,1,1,1],"9":[0,2,0],"10":[1,1],"11":[2,1,1],"12":[1,0],"13":[0,2],"14":[2,0,0,0,0,0,0],"15":[0,2],"16":[2,0],"17":[1,1],"18":[0,1],"19":[1,2,0,2],"20":[1,0],"21":[1,1],"22":[0,0],"23":[0,0],"24":[0,0],"25":[0,0],"26":[0,0],"27":[0,0],"28":[0,0]},"f":{"1":2,"2":2,"3":2,"4":2,"5":2,"6":2,"7":2,"8":2,"9":3,"10":1,"11":6,"12":0},"fnMap":{"1":{"name":"(anonymous_1)","line":26,"loc":{"start":{"line":26,"column":1},"end":{"line":26,"column":13}}},"2":{"name":"(anonymous_2)","line":33,"loc":{"start":{"line":33,"column":5},"end":{"line":33,"column":17}}},"3":{"name":"(anonymous_3)","line":37,"loc":{"start":{"line":37,"column":24},"end":{"line":37,"column":36}}},"4":{"name":"(anonymous_4)","line":69,"loc":{"start":{"line":69,"column":31},"end":{"line":69,"column":48}},"skip":true},"5":{"name":"(anonymous_5)","line":78,"loc":{"start":{"line":78,"column":26},"end":{"line":78,"column":45}},"skip":true},"6":{"name":"(anonymous_6)","line":123,"loc":{"start":{"line":123,"column":33},"end":{"line":123,"column":48}},"skip":true},"7":{"name":"(anonymous_7)","line":125,"loc":{"start":{"line":125,"column":27},"end":{"line":125,"column":39}},"skip":true},"8":{"name":"(anonymous_8)","line":133,"loc":{"start":{"line":133,"column":59},"end":{"line":133,"column":74}},"skip":true},"9":{"name":"(anonymous_9)","line":143,"loc":{"start":{"line":143,"column":45},"end":{"line":143,"column":62}},"skip":true},"10":{"name":"(anonymous_10)","line":144,"loc":{"start":{"line":144,"column":73},"end":{"line":144,"column":92}},"skip":true},"11":{"name":"(anonymous_11)","line":272,"loc":{"start":{"line":272,"column":51},"end":{"line":272,"column":77}},"skip":true},"12":{"name":"(anonymous_12)","line":314,"loc":{"start":{"line":314,"column":32},"end":{"line":314,"column":61}},"skip":true}},"statementMap":{"1":{"start":{"line":26,"column":0},"end":{"line":325,"column":5}},"2":{"start":{"line":28,"column":4},"end":{"line":28,"column":14}},"3":{"start":{"line":33,"column":4},"end":{"line":60,"column":9}},"4":{"start":{"line":35,"column":8},"end":{"line":35,"column":19}},"5":{"start":{"line":37,"column":8},"end":{"line":49,"column":13}},"6":{"start":{"line":38,"column":12},"end":{"line":48,"column":13}},"7":{"start":{"line":39,"column":16},"end":{"line":42,"column":30}},"8":{"start":{"line":44,"column":16},"end":{"line":47,"column":27}},"9":{"start":{"line":51,"column":8},"end":{"line":53,"column":21}},"10":{"start":{"line":55,"column":8},"end":{"line":57,"column":45}},"11":{"start":{"line":59,"column":8},"end":{"line":59,"column":35}},"12":{"start":{"line":61,"column":4},"end":{"line":324,"column":5}},"13":{"start":{"line":69,"column":8},"end":{"line":121,"column":10},"skip":true},"14":{"start":{"line":70,"column":12},"end":{"line":88,"column":13},"skip":true},"15":{"start":{"line":76,"column":16},"end":{"line":87,"column":19},"skip":true},"16":{"start":{"line":79,"column":20},"end":{"line":86,"column":21},"skip":true},"17":{"start":{"line":82,"column":24},"end":{"line":82,"column":43},"skip":true},"18":{"start":{"line":83,"column":24},"end":{"line":83,"column":30},"skip":true},"19":{"start":{"line":85,"column":24},"end":{"line":85,"column":49},"skip":true},"20":{"start":{"line":89,"column":12},"end":{"line":107,"column":13},"skip":true},"21":{"start":{"line":92,"column":16},"end":{"line":102,"column":17},"skip":true},"22":{"start":{"line":93,"column":20},"end":{"line":93,"column":86},"skip":true},"23":{"start":{"line":94,"column":20},"end":{"line":95,"column":45},"skip":true},"24":{"start":{"line":96,"column":20},"end":{"line":96,"column":42},"skip":true},"25":{"start":{"line":97,"column":20},"end":{"line":97,"column":48},"skip":true},"26":{"start":{"line":100,"column":20},"end":{"line":100,"column":85},"skip":true},"27":{"start":{"line":101,"column":20},"end":{"line":101,"column":96},"skip":true},"28":{"start":{"line":103,"column":16},"end":{"line":103,"column":22},"skip":true},"29":{"start":{"line":106,"column":16},"end":{"line":106,"column":22},"skip":true},"30":{"start":{"line":108,"column":12},"end":{"line":120,"column":13},"skip":true},"31":{"start":{"line":114,"column":16},"end":{"line":119,"column":17},"skip":true},"32":{"start":{"line":116,"column":20},"end":{"line":116,"column":78},"skip":true},"33":{"start":{"line":118,"column":20},"end":{"line":118,"column":47},"skip":true},"34":{"start":{"line":123,"column":8},"end":{"line":141,"column":11},"skip":true},"35":{"start":{"line":124,"column":12},"end":{"line":124,"column":54},"skip":true},"36":{"start":{"line":125,"column":12},"end":{"line":140,"column":14},"skip":true},"37":{"start":{"line":126,"column":16},"end":{"line":126,"column":28},"skip":true},"38":{"start":{"line":127,"column":16},"end":{"line":127,"column":69},"skip":true},"39":{"start":{"line":128,"column":16},"end":{"line":128,"column":75},"skip":true},"40":{"start":{"line":129,"column":16},"end":{"line":131,"column":17},"skip":true},"41":{"start":{"line":130,"column":20},"end":{"line":130,"column":27},"skip":true},"42":{"start":{"line":133,"column":16},"end":{"line":137,"column":36},"skip":true},"43":{"start":{"line":134,"column":20},"end":{"line":136,"column":55},"skip":true},"44":{"start":{"line":139,"column":16},"end":{"line":139,"column":57},"skip":true},"45":{"start":{"line":143,"column":8},"end":{"line":147,"column":11},"skip":true},"46":{"start":{"line":144,"column":12},"end":{"line":146,"column":15},"skip":true},"47":{"start":{"line":145,"column":16},"end":{"line":145,"column":70},"skip":true},"48":{"start":{"line":149,"column":8},"end":{"line":149,"column":31},"skip":true},"49":{"start":{"line":150,"column":8},"end":{"line":150,"column":14},"skip":true},"50":{"start":{"line":158,"column":8},"end":{"line":158,"column":31},"skip":true},"51":{"start":{"line":160,"column":8},"end":{"line":160,"column":33},"skip":true},"52":{"start":{"line":161,"column":8},"end":{"line":161,"column":37},"skip":true},"53":{"start":{"line":162,"column":8},"end":{"line":162,"column":35},"skip":true},"54":{"start":{"line":164,"column":8},"end":{"line":164,"column":50},"skip":true},"55":{"start":{"line":166,"column":8},"end":{"line":256,"column":2},"skip":true},"56":{"start":{"line":258,"column":8},"end":{"line":286,"column":9},"skip":true},"57":{"start":{"line":259,"column":12},"end":{"line":269,"column":14},"skip":true},"58":{"start":{"line":271,"column":12},"end":{"line":285,"column":19},"skip":true},"59":{"start":{"line":274,"column":20},"end":{"line":274,"column":35},"skip":true},"60":{"start":{"line":275,"column":20},"end":{"line":284,"column":21},"skip":true},"61":{"start":{"line":277,"column":24},"end":{"line":277,"column":64},"skip":true},"62":{"start":{"line":279,"column":24},"end":{"line":279,"column":40},"skip":true},"63":{"start":{"line":281,"column":24},"end":{"line":281,"column":40},"skip":true},"64":{"start":{"line":283,"column":24},"end":{"line":283,"column":39},"skip":true},"65":{"start":{"line":288,"column":8},"end":{"line":290,"column":9},"skip":true},"66":{"start":{"line":289,"column":12},"end":{"line":289,"column":18},"skip":true},"67":{"start":{"line":291,"column":8},"end":{"line":293,"column":54},"skip":true},"68":{"start":{"line":294,"column":8},"end":{"line":301,"column":37},"skip":true},"69":{"start":{"line":302,"column":8},"end":{"line":302,"column":82},"skip":true},"70":{"start":{"line":305,"column":8},"end":{"line":307,"column":9},"skip":true},"71":{"start":{"line":306,"column":12},"end":{"line":306,"column":82},"skip":true},"72":{"start":{"line":309,"column":8},"end":{"line":311,"column":9},"skip":true},"73":{"start":{"line":310,"column":12},"end":{"line":310,"column":18},"skip":true},"74":{"start":{"line":312,"column":8},"end":{"line":312,"column":54},"skip":true},"75":{"start":{"line":313,"column":8},"end":{"line":313,"column":69},"skip":true},"76":{"start":{"line":314,"column":8},"end":{"line":322,"column":36},"skip":true},"77":{"start":{"line":315,"column":12},"end":{"line":315,"column":61},"skip":true},"78":{"start":{"line":316,"column":12},"end":{"line":319,"column":13},"skip":true},"79":{"start":{"line":317,"column":16},"end":{"line":317,"column":75},"skip":true},"80":{"start":{"line":318,"column":16},"end":{"line":318,"column":23},"skip":true},"81":{"start":{"line":320,"column":12},"end":{"line":320,"column":38},"skip":true},"82":{"start":{"line":321,"column":12},"end":{"line":321,"column":27},"skip":true},"83":{"start":{"line":323,"column":8},"end":{"line":323,"column":14},"skip":true}},"branchMap":{"1":{"line":39,"type":"binary-expr","locations":[{"start":{"line":39,"column":23},"end":{"line":39,"column":62}},{"start":{"line":40,"column":20},"end":{"line":40,"column":70}},{"start":{"line":41,"column":20},"end":{"line":41,"column":71}},{"start":{"line":42,"column":20},"end":{"line":42,"column":29}}]},"2":{"line":44,"type":"binary-expr","locations":[{"start":{"line":44,"column":23},"end":{"line":44,"column":37}},{"start":{"line":45,"column":20},"end":{"line":45,"column":61}},{"start":{"line":46,"column":20},"end":{"line":46,"column":70}},{"start":{"line":47,"column":20},"end":{"line":47,"column":26}}]},"3":{"line":51,"type":"cond-expr","locations":[{"start":{"line":52,"column":14},"end":{"line":52,"column":20}},{"start":{"line":53,"column":14},"end":{"line":53,"column":20}}]},"4":{"line":55,"type":"binary-expr","locations":[{"start":{"line":55,"column":16},"end":{"line":55,"column":44}},{"start":{"line":55,"column":49},"end":{"line":57,"column":43}}]},"5":{"line":55,"type":"cond-expr","locations":[{"start":{"line":56,"column":14},"end":{"line":56,"column":52}},{"start":{"line":57,"column":14},"end":{"line":57,"column":43}}]},"6":{"line":61,"type":"switch","locations":[{"start":{"line":68,"column":4},"end":{"line":150,"column":14},"skip":true},{"start":{"line":156,"column":4},"end":{"line":323,"column":14},"skip":true}]},"7":{"line":70,"type":"if","locations":[{"start":{"line":70,"column":12},"end":{"line":70,"column":12},"skip":true},{"start":{"line":70,"column":12},"end":{"line":70,"column":12},"skip":true}]},"8":{"line":70,"type":"binary-expr","locations":[{"start":{"line":70,"column":16},"end":{"line":70,"column":22},"skip":true},{"start":{"line":70,"column":27},"end":{"line":70,"column":32},"skip":true},{"start":{"line":71,"column":20},"end":{"line":71,"column":39},"skip":true},{"start":{"line":72,"column":20},"end":{"line":72,"column":49},"skip":true},{"start":{"line":73,"column":20},"end":{"line":73,"column":58},"skip":true},{"start":{"line":74,"column":20},"end":{"line":74,"column":69},"skip":true}]},"9":{"line":79,"type":"switch","locations":[{"start":{"line":80,"column":20},"end":{"line":80,"column":33},"skip":true},{"start":{"line":81,"column":20},"end":{"line":83,"column":30},"skip":true},{"start":{"line":84,"column":20},"end":{"line":85,"column":49},"skip":true}]},"10":{"line":89,"type":"switch","locations":[{"start":{"line":90,"column":12},"end":{"line":103,"column":22},"skip":true},{"start":{"line":105,"column":12},"end":{"line":106,"column":22},"skip":true}]},"11":{"line":89,"type":"binary-expr","locations":[{"start":{"line":89,"column":20},"end":{"line":89,"column":25},"skip":true},{"start":{"line":89,"column":29},"end":{"line":89,"column":48},"skip":true},{"start":{"line":89,"column":52},"end":{"line":89,"column":74},"skip":true}]},"12":{"line":92,"type":"if","locations":[{"start":{"line":92,"column":16},"end":{"line":92,"column":16},"skip":true},{"start":{"line":92,"column":16},"end":{"line":92,"column":16},"skip":true}]},"13":{"line":108,"type":"if","locations":[{"start":{"line":108,"column":12},"end":{"line":108,"column":12},"skip":true},{"start":{"line":108,"column":12},"end":{"line":108,"column":12},"skip":true}]},"14":{"line":108,"type":"binary-expr","locations":[{"start":{"line":108,"column":16},"end":{"line":108,"column":61},"skip":true},{"start":{"line":108,"column":66},"end":{"line":108,"column":72},"skip":true},{"start":{"line":108,"column":77},"end":{"line":108,"column":82},"skip":true},{"start":{"line":109,"column":20},"end":{"line":109,"column":39},"skip":true},{"start":{"line":110,"column":20},"end":{"line":110,"column":49},"skip":true},{"start":{"line":111,"column":20},"end":{"line":111,"column":58},"skip":true},{"start":{"line":112,"column":20},"end":{"line":112,"column":68},"skip":true}]},"15":{"line":129,"type":"if","locations":[{"start":{"line":129,"column":16},"end":{"line":129,"column":16},"skip":true},{"start":{"line":129,"column":16},"end":{"line":129,"column":16},"skip":true}]},"16":{"line":134,"type":"cond-expr","locations":[{"start":{"line":135,"column":26},"end":{"line":135,"column":29},"skip":true},{"start":{"line":136,"column":26},"end":{"line":136,"column":54},"skip":true}]},"17":{"line":164,"type":"binary-expr","locations":[{"start":{"line":164,"column":27},"end":{"line":164,"column":43},"skip":true},{"start":{"line":164,"column":47},"end":{"line":164,"column":49},"skip":true}]},"18":{"line":258,"type":"if","locations":[{"start":{"line":258,"column":8},"end":{"line":258,"column":8},"skip":true},{"start":{"line":258,"column":8},"end":{"line":258,"column":8},"skip":true}]},"19":{"line":275,"type":"switch","locations":[{"start":{"line":276,"column":20},"end":{"line":277,"column":64},"skip":true},{"start":{"line":278,"column":20},"end":{"line":279,"column":40},"skip":true},{"start":{"line":280,"column":20},"end":{"line":281,"column":40},"skip":true},{"start":{"line":282,"column":20},"end":{"line":283,"column":39},"skip":true}]},"20":{"line":288,"type":"if","locations":[{"start":{"line":288,"column":8},"end":{"line":288,"column":8},"skip":true},{"start":{"line":288,"column":8},"end":{"line":288,"column":8},"skip":true}]},"21":{"line":288,"type":"binary-expr","locations":[{"start":{"line":288,"column":12},"end":{"line":288,"column":40},"skip":true},{"start":{"line":288,"column":44},"end":{"line":288,"column":67},"skip":true}]},"22":{"line":292,"type":"binary-expr","locations":[{"start":{"line":292,"column":12},"end":{"line":292,"column":50},"skip":true},{"start":{"line":293,"column":12},"end":{"line":293,"column":53},"skip":true}]},"23":{"line":295,"type":"binary-expr","locations":[{"start":{"line":295,"column":12},"end":{"line":295,"column":66},"skip":true},{"start":{"line":296,"column":12},"end":{"line":301,"column":36},"skip":true}]},"24":{"line":302,"type":"binary-expr","locations":[{"start":{"line":302,"column":43},"end":{"line":302,"column":75},"skip":true},{"start":{"line":302,"column":79},"end":{"line":302,"column":81},"skip":true}]},"25":{"line":305,"type":"if","locations":[{"start":{"line":305,"column":8},"end":{"line":305,"column":8},"skip":true},{"start":{"line":305,"column":8},"end":{"line":305,"column":8},"skip":true}]},"26":{"line":309,"type":"if","locations":[{"start":{"line":309,"column":8},"end":{"line":309,"column":8},"skip":true},{"start":{"line":309,"column":8},"end":{"line":309,"column":8},"skip":true}]},"27":{"line":312,"type":"binary-expr","locations":[{"start":{"line":312,"column":27},"end":{"line":312,"column":43},"skip":true},{"start":{"line":312,"column":47},"end":{"line":312,"column":53},"skip":true}]},"28":{"line":316,"type":"if","locations":[{"start":{"line":316,"column":12},"end":{"line":316,"column":12},"skip":true},{"start":{"line":316,"column":12},"end":{"line":316,"column":12},"skip":true}]}},"code":["/*","example.js","","quickstart example","","instruction","    1. save this script as example.js","    2. run the shell command:","        $ npm install npmtest-jquerygo && PORT=8081 node example.js","    3. play with the browser-demo on http://127.0.0.1:8081","*/","","","","/* istanbul instrument in package npmtest_jquerygo */","/*jslint","    bitwise: true,","    browser: true,","    maxerr: 8,","    maxlen: 96,","    node: true,","    nomen: true,","    regexp: true,","    stupid: true","*/","(function () {","    'use strict';","    var local;","","","","    // run shared js-env code - pre-init","    (function () {","        // init local","        local = {};","        // init modeJs","        local.modeJs = (function () {","            try {","                return typeof navigator.userAgent === 'string' &&","                    typeof document.querySelector('body') === 'object' &&","                    typeof XMLHttpRequest.prototype.open === 'function' &&","                    'browser';","            } catch (errorCaughtBrowser) {","                return module.exports &&","                    typeof process.versions.node === 'string' &&","                    typeof require('http').createServer === 'function' &&","                    'node';","            }","        }());","        // init global","        local.global = local.modeJs === 'browser'","            ? window","            : global;","        // init utility2_rollup","        local = local.global.utility2_rollup || (local.modeJs === 'browser'","            ? local.global.utility2_npmtest_jquerygo","            : global.utility2_moduleExports);","        // export local","        local.global.local = local;","    }());","    switch (local.modeJs) {","","","","    // post-init","    // run browser js-env code - post-init","    /* istanbul ignore next */","    case 'browser':","        local.testRunBrowser = function (event) {","            if (!event || (event &&","                    event.currentTarget &&","                    event.currentTarget.className &&","                    event.currentTarget.className.includes &&","                    event.currentTarget.className.includes('onreset'))) {","                // reset output","                Array.from(","                    document.querySelectorAll('body > .resettable')","                ).forEach(function (element) {","                    switch (element.tagName) {","                    case 'INPUT':","                    case 'TEXTAREA':","                        element.value = '';","                        break;","                    default:","                        element.textContent = '';","                    }","                });","            }","            switch (event && event.currentTarget && event.currentTarget.id) {","            case 'testRunButton1':","                // show tests","                if (document.querySelector('#testReportDiv1').style.display === 'none') {","                    document.querySelector('#testReportDiv1').style.display = 'block';","                    document.querySelector('#testRunButton1').textContent =","                        'hide internal test';","                    local.modeTest = true;","                    local.testRunDefault(local);","                // hide tests","                } else {","                    document.querySelector('#testReportDiv1').style.display = 'none';","                    document.querySelector('#testRunButton1').textContent = 'run internal test';","                }","                break;","            // custom-case","            default:","                break;","            }","            if (document.querySelector('#inputTextareaEval1') && (!event || (event &&","                    event.currentTarget &&","                    event.currentTarget.className &&","                    event.currentTarget.className.includes &&","                    event.currentTarget.className.includes('oneval')))) {","                // try to eval input-code","                try {","                    /*jslint evil: true*/","                    eval(document.querySelector('#inputTextareaEval1').value);","                } catch (errorCaught) {","                    console.error(errorCaught);","                }","            }","        };","        // log stderr and stdout to #outputTextareaStdout1","        ['error', 'log'].forEach(function (key) {","            console[key + '_original'] = console[key];","            console[key] = function () {","                var element;","                console[key + '_original'].apply(console, arguments);","                element = document.querySelector('#outputTextareaStdout1');","                if (!element) {","                    return;","                }","                // append text to #outputTextareaStdout1","                element.value += Array.from(arguments).map(function (arg) {","                    return typeof arg === 'string'","                        ? arg","                        : JSON.stringify(arg, null, 4);","                }).join(' ') + '\\n';","                // scroll textarea to bottom","                element.scrollTop = element.scrollHeight;","            };","        });","        // init event-handling","        ['change', 'click', 'keyup'].forEach(function (event) {","            Array.from(document.querySelectorAll('.on' + event)).forEach(function (element) {","                element.addEventListener(event, local.testRunBrowser);","            });","        });","        // run tests","        local.testRunBrowser();","        break;","","","","    // run node js-env code - post-init","    /* istanbul ignore next */","    case 'node':","        // export local","        module.exports = local;","        // require modules","        local.fs = require('fs');","        local.http = require('http');","        local.url = require('url');","        // init assets","        local.assetsDict = local.assetsDict || {};","        /* jslint-ignore-begin */","        local.assetsDict['/assets.index.template.html'] = '\\","<!doctype html>\\n\\","<html lang=\"en\">\\n\\","<head>\\n\\","<meta charset=\"UTF-8\">\\n\\","<meta name=\"viewport\" content=\"width=device-width, initial-scale=1\">\\n\\","<title>{{env.npm_package_name}} (v{{env.npm_package_version}})</title>\\n\\","<style>\\n\\","/*csslint\\n\\","    box-sizing: false,\\n\\","    universal-selector: false\\n\\","*/\\n\\","* {\\n\\","    box-sizing: border-box;\\n\\","}\\n\\","body {\\n\\","    background: #dde;\\n\\","    font-family: Arial, Helvetica, sans-serif;\\n\\","    margin: 2rem;\\n\\","}\\n\\","body > * {\\n\\","    margin-bottom: 1rem;\\n\\","}\\n\\",".utility2FooterDiv {\\n\\","    margin-top: 20px;\\n\\","    text-align: center;\\n\\","}\\n\\","</style>\\n\\","<style>\\n\\","/*csslint\\n\\","*/\\n\\","textarea {\\n\\","    font-family: monospace;\\n\\","    height: 10rem;\\n\\","    width: 100%;\\n\\","}\\n\\","textarea[readonly] {\\n\\","    background: #ddd;\\n\\","}\\n\\","</style>\\n\\","</head>\\n\\","<body>\\n\\","<!-- utility2-comment\\n\\","<div id=\"ajaxProgressDiv1\" style=\"background: #d00; height: 2px; left: 0; margin: 0; padding: 0; position: fixed; top: 0; transition: background 0.5s, width 1.5s; width: 25%;\"></div>\\n\\","utility2-comment -->\\n\\","<h1>\\n\\","<!-- utility2-comment\\n\\","    <a\\n\\","        {{#if env.npm_package_homepage}}\\n\\","        href=\"{{env.npm_package_homepage}}\"\\n\\","        {{/if env.npm_package_homepage}}\\n\\","        target=\"_blank\"\\n\\","    >\\n\\","utility2-comment -->\\n\\","        {{env.npm_package_name}} (v{{env.npm_package_version}})\\n\\","<!-- utility2-comment\\n\\","    </a>\\n\\","utility2-comment -->\\n\\","</h1>\\n\\","<h3>{{env.npm_package_description}}</h3>\\n\\","<!-- utility2-comment\\n\\","<h4><a download href=\"assets.app.js\">download standalone app</a></h4>\\n\\","<button class=\"onclick onreset\" id=\"testRunButton1\">run internal test</button><br>\\n\\","<div id=\"testReportDiv1\" style=\"display: none;\"></div>\\n\\","utility2-comment -->\\n\\","\\n\\","\\n\\","\\n\\","<label>stderr and stdout</label>\\n\\","<textarea class=\"resettable\" id=\"outputTextareaStdout1\" readonly></textarea>\\n\\","<!-- utility2-comment\\n\\","{{#if isRollup}}\\n\\","<script src=\"assets.app.js\"></script>\\n\\","{{#unless isRollup}}\\n\\","utility2-comment -->\\n\\","<script src=\"assets.utility2.rollup.js\"></script>\\n\\","<script src=\"jsonp.utility2._stateInit?callback=window.utility2._stateInit\"></script>\\n\\","<script src=\"assets.npmtest_jquerygo.rollup.js\"></script>\\n\\","<script src=\"assets.example.js\"></script>\\n\\","<script src=\"assets.test.js\"></script>\\n\\","<!-- utility2-comment\\n\\","{{/if isRollup}}\\n\\","utility2-comment -->\\n\\","<div class=\"utility2FooterDiv\">\\n\\","    [ this app was created with\\n\\","    <a href=\"https://github.com/kaizhu256/node-utility2\" target=\"_blank\">utility2</a>\\n\\","    ]\\n\\","</div>\\n\\","</body>\\n\\","</html>\\n\\","';","        /* jslint-ignore-end */","        if (local.templateRender) {","            local.assetsDict['/'] = local.templateRender(","                local.assetsDict['/assets.index.template.html'],","                {","                    env: local.objectSetDefault(local.env, {","                        npm_package_description: 'the greatest app in the world!',","                        npm_package_name: 'my-app',","                        npm_package_nameAlias: 'my_app',","                        npm_package_version: '0.0.1'","                    })","                }","            );","        } else {","            local.assetsDict['/'] = local.assetsDict['/assets.index.template.html']","                .replace((/\\{\\{env\\.(\\w+?)\\}\\}/g), function (match0, match1) {","                    // jslint-hack","                    String(match0);","                    switch (match1) {","                    case 'npm_package_description':","                        return 'the greatest app in the world!';","                    case 'npm_package_name':","                        return 'my-app';","                    case 'npm_package_nameAlias':","                        return 'my_app';","                    case 'npm_package_version':","                        return '0.0.1';","                    }","                });","        }","        // run the cli","        if (local.global.utility2_rollup || module !== require.main) {","            break;","        }","        local.assetsDict['/assets.example.js'] =","            local.assetsDict['/assets.example.js'] ||","            local.fs.readFileSync(__filename, 'utf8');","        local.assetsDict['/assets.npmtest_jquerygo.rollup.js'] =","            local.assetsDict['/assets.npmtest_jquerygo.rollup.js'] ||","            local.fs.readFileSync(","                // buildCustomOrg-hack","                local.npmtest_jquerygo.__dirname +","                    '/lib.npmtest_jquerygo.js',","                'utf8'","            ).replace((/^#!/), '//');","        local.assetsDict['/favicon.ico'] = local.assetsDict['/favicon.ico'] || '';","        // if $npm_config_timeout_exit exists,","        // then exit this process after $npm_config_timeout_exit ms","        if (Number(process.env.npm_config_timeout_exit)) {","            setTimeout(process.exit, Number(process.env.npm_config_timeout_exit));","        }","        // start server","        if (local.global.utility2_serverHttp1) {","            break;","        }","        process.env.PORT = process.env.PORT || '8081';","        console.error('server starting on port ' + process.env.PORT);","        local.http.createServer(function (request, response) {","            request.urlParsed = local.url.parse(request.url);","            if (local.assetsDict[request.urlParsed.pathname] !== undefined) {","                response.end(local.assetsDict[request.urlParsed.pathname]);","                return;","            }","            response.statusCode = 404;","            response.end();","        }).listen(process.env.PORT);","        break;","    }","}());",""],"l":{"26":2,"28":2,"33":2,"35":2,"37":2,"38":2,"39":2,"44":1,"51":2,"55":2,"59":2,"61":2,"69":1,"70":2,"76":2,"79":2,"82":2,"83":2,"85":1,"89":2,"92":1,"93":1,"94":1,"96":1,"97":1,"100":1,"101":1,"103":1,"106":1,"108":2,"114":1,"116":1,"118":1,"123":1,"124":2,"125":2,"126":2,"127":2,"128":2,"129":2,"130":1,"133":2,"134":2,"139":2,"143":1,"144":3,"145":1,"149":1,"150":1,"158":1,"160":1,"161":1,"162":1,"164":1,"166":1,"258":1,"259":1,"271":1,"274":6,"275":6,"277":1,"279":2,"281":1,"283":2,"288":1,"289":1,"291":1,"294":1,"302":1,"305":1,"306":1,"309":1,"310":1,"312":1,"313":1,"314":1,"315":1,"316":1,"317":1,"318":1,"320":1,"321":1,"323":1}},"/home/travis/build/npmtest/node-npmtest-jquerygo/node_modules/jquerygo/lib/jquery.go.js":{"path":"/home/travis/build/npmtest/node-npmtest-jquerygo/node_modules/jquerygo/lib/jquery.go.js","s":{"1":1,"2":1,"3":1,"4":1,"5":1,"6":1,"7":1,"8":1,"9":1,"10":1,"11":0,"12":0,"13":0,"14":0,"15":0,"16":0,"17":0,"18":0,"19":0,"20":0,"21":0,"22":0,"23":0,"24":0,"25":0,"26":0,"27":0,"28":0,"29":0,"30":0,"31":0,"32":0,"33":0,"34":1,"35":0,"36":0,"37":0,"38":1,"39":0,"40":0,"41":0,"42":0,"43":0,"44":0,"45":0,"46":0,"47":1,"48":0,"49":0,"50":0,"51":0,"52":0,"53":0,"54":0,"55":0,"56":0,"57":0,"58":0,"59":0,"60":0,"61":0,"62":0,"63":0,"64":0,"65":0,"66":0,"67":0,"68":0,"69":0,"70":0,"71":0,"72":0,"73":0,"74":0,"75":0,"76":0,"77":0,"78":1,"79":0,"80":0,"81":0,"82":0,"83":0,"84":0,"85":0,"86":0,"87":0,"88":0,"89":0,"90":1,"91":1,"92":138,"93":0,"94":0,"95":0,"96":1,"97":0,"98":0,"99":0,"100":0,"101":0,"102":0,"103":0,"104":0,"105":0,"106":0,"107":0,"108":1,"109":0,"110":0,"111":0,"112":0,"113":0,"114":0,"115":0,"116":0,"117":0,"118":0,"119":0,"120":0,"121":0,"122":0,"123":0,"124":0,"125":0,"126":0,"127":0,"128":0,"129":0,"130":0,"131":0,"132":0,"133":0,"134":0,"135":0,"136":0,"137":0,"138":0,"139":0,"140":0,"141":0,"142":0,"143":0,"144":0,"145":0,"146":0,"147":0,"148":0,"149":0,"150":0,"151":0,"152":0,"153":0,"154":0,"155":0,"156":0,"157":0,"158":0,"159":0,"160":0,"161":0,"162":0,"163":0,"164":0,"165":0,"166":0,"167":0,"168":0,"169":0,"170":0,"171":0,"172":0,"173":0,"174":0,"175":0,"176":0,"177":0,"178":1},"b":{"1":[0,0],"2":[0,0],"3":[0,0,0],"4":[0,0],"5":[0,0],"6":[0,0],"7":[0,0],"8":[0,0],"9":[0,0],"10":[0,0],"11":[0,0],"12":[0,0],"13":[0,0],"14":[0,0],"15":[0,0],"16":[0,0],"17":[0,0],"18":[0,0],"19":[0,0],"20":[0,0],"21":[0,0],"22":[0,0],"23":[0,0],"24":[0,0],"25":[0,0],"26":[0,0],"27":[0,0],"28":[0,0],"29":[0,0],"30":[0,0],"31":[0,0],"32":[0,0],"33":[0,0],"34":[0,0],"35":[0,0]},"f":{"1":0,"2":0,"3":0,"4":0,"5":0,"6":0,"7":0,"8":0,"9":0,"10":0,"11":0,"12":0,"13":0,"14":0,"15":0,"16":0,"17":0,"18":0,"19":0,"20":138,"21":0,"22":0,"23":0,"24":0,"25":0,"26":0,"27":0,"28":0,"29":0,"30":0,"31":0,"32":0,"33":0,"34":0,"35":0,"36":0,"37":0,"38":0,"39":0,"40":0,"41":0,"42":0,"43":0,"44":0,"45":0,"46":0,"47":0,"48":0,"49":0,"50":0,"51":0,"52":0},"fnMap":{"1":{"name":"(anonymous_1)","line":15,"loc":{"start":{"line":15,"column":89},"end":{"line":15,"column":102}}},"2":{"name":"(anonymous_2)","line":21,"loc":{"start":{"line":21,"column":23},"end":{"line":21,"column":36}}},"3":{"name":"(anonymous_3)","line":33,"loc":{"start":{"line":33,"column":33},"end":{"line":33,"column":47}}},"4":{"name":"(anonymous_4)","line":38,"loc":{"start":{"line":38,"column":32},"end":{"line":38,"column":46}}},"5":{"name":"(anonymous_5)","line":43,"loc":{"start":{"line":43,"column":36},"end":{"line":43,"column":47}}},"6":{"name":"(anonymous_6)","line":51,"loc":{"start":{"line":51,"column":35},"end":{"line":51,"column":49}}},"7":{"name":"(anonymous_7)","line":58,"loc":{"start":{"line":58,"column":30},"end":{"line":58,"column":41}}},"8":{"name":"(anonymous_8)","line":63,"loc":{"start":{"line":63,"column":31},"end":{"line":63,"column":42}}},"9":{"name":"(anonymous_9)","line":69,"loc":{"start":{"line":69,"column":22},"end":{"line":69,"column":38}}},"10":{"name":"(anonymous_10)","line":81,"loc":{"start":{"line":81,"column":14},"end":{"line":81,"column":33}}},"11":{"name":"(anonymous_11)","line":100,"loc":{"start":{"line":100,"column":22},"end":{"line":100,"column":50}}},"12":{"name":"(anonymous_12)","line":118,"loc":{"start":{"line":118,"column":41},"end":{"line":118,"column":74}}},"13":{"name":"(anonymous_13)","line":122,"loc":{"start":{"line":122,"column":10},"end":{"line":122,"column":25}}},"14":{"name":"(anonymous_14)","line":125,"loc":{"start":{"line":125,"column":18},"end":{"line":125,"column":30}}},"15":{"name":"(anonymous_15)","line":178,"loc":{"start":{"line":178,"column":7},"end":{"line":178,"column":24}}},"16":{"name":"(anonymous_16)","line":202,"loc":{"start":{"line":202,"column":38},"end":{"line":202,"column":49}}},"17":{"name":"(anonymous_17)","line":204,"loc":{"start":{"line":204,"column":43},"end":{"line":204,"column":57}}},"18":{"name":"(anonymous_18)","line":209,"loc":{"start":{"line":209,"column":12},"end":{"line":209,"column":26}}},"19":{"name":"(anonymous_19)","line":211,"loc":{"start":{"line":211,"column":17},"end":{"line":211,"column":28}}},"20":{"name":"(anonymous_20)","line":245,"loc":{"start":{"line":245,"column":3},"end":{"line":245,"column":20}}},"21":{"name":"(anonymous_21)","line":248,"loc":{"start":{"line":248,"column":38},"end":{"line":248,"column":49}}},"22":{"name":"(anonymous_22)","line":263,"loc":{"start":{"line":263,"column":33},"end":{"line":263,"column":58}}},"23":{"name":"(anonymous_23)","line":268,"loc":{"start":{"line":268,"column":15},"end":{"line":268,"column":26}}},"24":{"name":"(anonymous_24)","line":283,"loc":{"start":{"line":283,"column":44},"end":{"line":283,"column":55}}},"25":{"name":"(anonymous_25)","line":297,"loc":{"start":{"line":297,"column":22},"end":{"line":297,"column":50}}},"26":{"name":"(anonymous_26)","line":329,"loc":{"start":{"line":329,"column":9},"end":{"line":329,"column":23}}},"27":{"name":"(anonymous_27)","line":338,"loc":{"start":{"line":338,"column":8},"end":{"line":338,"column":29}}},"28":{"name":"(anonymous_28)","line":340,"loc":{"start":{"line":340,"column":15},"end":{"line":340,"column":26}}},"29":{"name":"(anonymous_29)","line":353,"loc":{"start":{"line":353,"column":9},"end":{"line":353,"column":33}}},"30":{"name":"(anonymous_30)","line":355,"loc":{"start":{"line":355,"column":12},"end":{"line":355,"column":27}}},"31":{"name":"(anonymous_31)","line":363,"loc":{"start":{"line":363,"column":11},"end":{"line":363,"column":29}}},"32":{"name":"(anonymous_32)","line":370,"loc":{"start":{"line":370,"column":40},"end":{"line":370,"column":57}}},"33":{"name":"(anonymous_33)","line":377,"loc":{"start":{"line":377,"column":23},"end":{"line":377,"column":34}}},"34":{"name":"(anonymous_34)","line":400,"loc":{"start":{"line":400,"column":15},"end":{"line":400,"column":42}}},"35":{"name":"(anonymous_35)","line":402,"loc":{"start":{"line":402,"column":19},"end":{"line":402,"column":30}}},"36":{"name":"(anonymous_36)","line":403,"loc":{"start":{"line":403,"column":17},"end":{"line":403,"column":28}}},"37":{"name":"(anonymous_37)","line":412,"loc":{"start":{"line":412,"column":16},"end":{"line":412,"column":31}}},"38":{"name":"(anonymous_38)","line":413,"loc":{"start":{"line":413,"column":24},"end":{"line":413,"column":35}}},"39":{"name":"(anonymous_39)","line":415,"loc":{"start":{"line":415,"column":13},"end":{"line":415,"column":29}}},"40":{"name":"(anonymous_40)","line":434,"loc":{"start":{"line":434,"column":18},"end":{"line":434,"column":54}}},"41":{"name":"(anonymous_41)","line":437,"loc":{"start":{"line":437,"column":23},"end":{"line":437,"column":34}}},"42":{"name":"(anonymous_42)","line":442,"loc":{"start":{"line":442,"column":21},"end":{"line":442,"column":32}}},"43":{"name":"(anonymous_43)","line":443,"loc":{"start":{"line":443,"column":19},"end":{"line":443,"column":30}}},"44":{"name":"(anonymous_44)","line":448,"loc":{"start":{"line":448,"column":16},"end":{"line":448,"column":31}}},"45":{"name":"(anonymous_45)","line":449,"loc":{"start":{"line":449,"column":24},"end":{"line":449,"column":42}}},"46":{"name":"(anonymous_46)","line":452,"loc":{"start":{"line":452,"column":13},"end":{"line":452,"column":29}}},"47":{"name":"(anonymous_47)","line":472,"loc":{"start":{"line":472,"column":11},"end":{"line":472,"column":36}}},"48":{"name":"(anonymous_48)","line":474,"loc":{"start":{"line":474,"column":12},"end":{"line":474,"column":27}}},"49":{"name":"(anonymous_49)","line":482,"loc":{"start":{"line":482,"column":14},"end":{"line":482,"column":49}}},"50":{"name":"(anonymous_50)","line":484,"loc":{"start":{"line":484,"column":12},"end":{"line":484,"column":27}}},"51":{"name":"(anonymous_51)","line":493,"loc":{"start":{"line":493,"column":9},"end":{"line":493,"column":20}}},"52":{"name":"(anonymous_52)","line":505,"loc":{"start":{"line":505,"column":9},"end":{"line":505,"column":30}}}},"statementMap":{"1":{"start":{"line":2,"column":0},"end":{"line":2,"column":36}},"2":{"start":{"line":3,"column":0},"end":{"line":3,"column":35}},"3":{"start":{"line":4,"column":0},"end":{"line":4,"column":29}},"4":{"start":{"line":5,"column":0},"end":{"line":5,"column":30}},"5":{"start":{"line":6,"column":0},"end":{"line":6,"column":28}},"6":{"start":{"line":9,"column":0},"end":{"line":9,"column":16}},"7":{"start":{"line":10,"column":0},"end":{"line":10,"column":19}},"8":{"start":{"line":11,"column":0},"end":{"line":11,"column":20}},"9":{"start":{"line":12,"column":0},"end":{"line":12,"column":19}},"10":{"start":{"line":15,"column":0},"end":{"line":73,"column":31}},"11":{"start":{"line":18,"column":2},"end":{"line":18,"column":16}},"12":{"start":{"line":21,"column":2},"end":{"line":72,"column":5}},"13":{"start":{"line":24,"column":4},"end":{"line":24,"column":14}},"14":{"start":{"line":27,"column":4},"end":{"line":27,"column":22}},"15":{"start":{"line":30,"column":4},"end":{"line":30,"column":22}},"16":{"start":{"line":33,"column":4},"end":{"line":35,"column":7}},"17":{"start":{"line":34,"column":6},"end":{"line":34,"column":36}},"18":{"start":{"line":38,"column":4},"end":{"line":40,"column":7}},"19":{"start":{"line":39,"column":6},"end":{"line":39,"column":47}},"20":{"start":{"line":43,"column":4},"end":{"line":48,"column":7}},"21":{"start":{"line":44,"column":6},"end":{"line":47,"column":7}},"22":{"start":{"line":45,"column":8},"end":{"line":45,"column":23}},"23":{"start":{"line":46,"column":8},"end":{"line":46,"column":20}},"24":{"start":{"line":51,"column":4},"end":{"line":55,"column":7}},"25":{"start":{"line":52,"column":6},"end":{"line":54,"column":7}},"26":{"start":{"line":53,"column":8},"end":{"line":53,"column":24}},"27":{"start":{"line":58,"column":4},"end":{"line":60,"column":7}},"28":{"start":{"line":59,"column":6},"end":{"line":59,"column":21}},"29":{"start":{"line":63,"column":4},"end":{"line":66,"column":7}},"30":{"start":{"line":64,"column":6},"end":{"line":64,"column":32}},"31":{"start":{"line":65,"column":6},"end":{"line":65,"column":19}},"32":{"start":{"line":69,"column":4},"end":{"line":71,"column":7}},"33":{"start":{"line":70,"column":6},"end":{"line":70,"column":18}},"34":{"start":{"line":81,"column":0},"end":{"line":88,"column":2}},"35":{"start":{"line":82,"column":2},"end":{"line":87,"column":3}},"36":{"start":{"line":83,"column":4},"end":{"line":83,"column":19}},"37":{"start":{"line":86,"column":4},"end":{"line":86,"column":29}},"38":{"start":{"line":100,"column":0},"end":{"line":113,"column":2}},"39":{"start":{"line":101,"column":2},"end":{"line":101,"column":27}},"40":{"start":{"line":102,"column":2},"end":{"line":108,"column":3}},"41":{"start":{"line":103,"column":4},"end":{"line":103,"column":24}},"42":{"start":{"line":104,"column":4},"end":{"line":104,"column":43}},"43":{"start":{"line":107,"column":4},"end":{"line":107,"column":27}},"44":{"start":{"line":110,"column":2},"end":{"line":110,"column":21}},"45":{"start":{"line":111,"column":2},"end":{"line":111,"column":18}},"46":{"start":{"line":112,"column":2},"end":{"line":112,"column":19}},"47":{"start":{"line":118,"column":0},"end":{"line":197,"column":2}},"48":{"start":{"line":119,"column":2},"end":{"line":119,"column":18}},"49":{"start":{"line":122,"column":2},"end":{"line":196,"column":5}},"50":{"start":{"line":125,"column":4},"end":{"line":195,"column":7}},"51":{"start":{"line":126,"column":6},"end":{"line":126,"column":36}},"52":{"start":{"line":127,"column":6},"end":{"line":151,"column":7}},"53":{"start":{"line":128,"column":8},"end":{"line":128,"column":43}},"54":{"start":{"line":133,"column":8},"end":{"line":135,"column":9}},"55":{"start":{"line":134,"column":10},"end":{"line":134,"column":50}},"56":{"start":{"line":138,"column":8},"end":{"line":140,"column":9}},"57":{"start":{"line":139,"column":10},"end":{"line":139,"column":48}},"58":{"start":{"line":143,"column":8},"end":{"line":143,"column":46}},"59":{"start":{"line":146,"column":8},"end":{"line":148,"column":9}},"60":{"start":{"line":147,"column":10},"end":{"line":147,"column":30}},"61":{"start":{"line":149,"column":8},"end":{"line":149,"column":35}},"62":{"start":{"line":150,"column":8},"end":{"line":150,"column":54}},"63":{"start":{"line":153,"column":6},"end":{"line":153,"column":35}},"64":{"start":{"line":155,"column":6},"end":{"line":157,"column":7}},"65":{"start":{"line":156,"column":8},"end":{"line":156,"column":34}},"66":{"start":{"line":159,"column":6},"end":{"line":169,"column":7}},"67":{"start":{"line":160,"column":8},"end":{"line":165,"column":9}},"68":{"start":{"line":161,"column":10},"end":{"line":161,"column":62}},"69":{"start":{"line":164,"column":10},"end":{"line":164,"column":43}},"70":{"start":{"line":168,"column":8},"end":{"line":168,"column":36}},"71":{"start":{"line":172,"column":6},"end":{"line":174,"column":7}},"72":{"start":{"line":173,"column":8},"end":{"line":173,"column":29}},"73":{"start":{"line":177,"column":6},"end":{"line":177,"column":20}},"74":{"start":{"line":181,"column":6},"end":{"line":183,"column":7}},"75":{"start":{"line":182,"column":8},"end":{"line":182,"column":40}},"76":{"start":{"line":186,"column":6},"end":{"line":186,"column":34}},"77":{"start":{"line":187,"column":6},"end":{"line":187,"column":40}},"78":{"start":{"line":202,"column":0},"end":{"line":219,"column":2}},"79":{"start":{"line":203,"column":2},"end":{"line":203,"column":18}},"80":{"start":{"line":204,"column":2},"end":{"line":206,"column":5}},"81":{"start":{"line":205,"column":4},"end":{"line":205,"column":17}},"82":{"start":{"line":207,"column":2},"end":{"line":207,"column":28}},"83":{"start":{"line":208,"column":2},"end":{"line":208,"column":28}},"84":{"start":{"line":209,"column":2},"end":{"line":217,"column":3}},"85":{"start":{"line":210,"column":4},"end":{"line":216,"column":5}},"86":{"start":{"line":211,"column":6},"end":{"line":213,"column":14}},"87":{"start":{"line":212,"column":8},"end":{"line":212,"column":32}},"88":{"start":{"line":215,"column":6},"end":{"line":215,"column":31}},"89":{"start":{"line":218,"column":2},"end":{"line":218,"column":43}},"90":{"start":{"line":222,"column":0},"end":{"line":222,"column":34}},"91":{"start":{"line":225,"column":0},"end":{"line":253,"column":3}},"92":{"start":{"line":248,"column":2},"end":{"line":252,"column":4}},"93":{"start":{"line":249,"column":4},"end":{"line":249,"column":35}},"94":{"start":{"line":250,"column":4},"end":{"line":250,"column":25}},"95":{"start":{"line":251,"column":4},"end":{"line":251,"column":44}},"96":{"start":{"line":263,"column":0},"end":{"line":288,"column":2}},"97":{"start":{"line":264,"column":2},"end":{"line":264,"column":18}},"98":{"start":{"line":267,"column":2},"end":{"line":287,"column":3}},"99":{"start":{"line":268,"column":4},"end":{"line":275,"column":7}},"100":{"start":{"line":269,"column":6},"end":{"line":274,"column":7}},"101":{"start":{"line":270,"column":8},"end":{"line":270,"column":19}},"102":{"start":{"line":273,"column":8},"end":{"line":273,"column":34}},"103":{"start":{"line":278,"column":4},"end":{"line":278,"column":17}},"104":{"start":{"line":279,"column":4},"end":{"line":286,"column":5}},"105":{"start":{"line":280,"column":6},"end":{"line":280,"column":13}},"106":{"start":{"line":283,"column":6},"end":{"line":285,"column":9}},"107":{"start":{"line":284,"column":8},"end":{"line":284,"column":34}},"108":{"start":{"line":297,"column":0},"end":{"line":519,"column":3}},"109":{"start":{"line":300,"column":2},"end":{"line":306,"column":3}},"110":{"start":{"line":301,"column":4},"end":{"line":301,"column":20}},"111":{"start":{"line":305,"column":4},"end":{"line":305,"column":50}},"112":{"start":{"line":330,"column":4},"end":{"line":332,"column":5}},"113":{"start":{"line":331,"column":6},"end":{"line":331,"column":23}},"114":{"start":{"line":339,"column":4},"end":{"line":339,"column":20}},"115":{"start":{"line":340,"column":4},"end":{"line":342,"column":13}},"116":{"start":{"line":341,"column":6},"end":{"line":341,"column":22}},"117":{"start":{"line":354,"column":4},"end":{"line":354,"column":20}},"118":{"start":{"line":355,"column":4},"end":{"line":391,"column":7}},"119":{"start":{"line":358,"column":6},"end":{"line":366,"column":7}},"120":{"start":{"line":359,"column":8},"end":{"line":359,"column":36}},"121":{"start":{"line":360,"column":8},"end":{"line":365,"column":11}},"122":{"start":{"line":364,"column":10},"end":{"line":364,"column":79}},"123":{"start":{"line":369,"column":6},"end":{"line":369,"column":60}},"124":{"start":{"line":370,"column":6},"end":{"line":390,"column":9}},"125":{"start":{"line":371,"column":8},"end":{"line":375,"column":9}},"126":{"start":{"line":372,"column":10},"end":{"line":372,"column":23}},"127":{"start":{"line":373,"column":10},"end":{"line":373,"column":25}},"128":{"start":{"line":374,"column":10},"end":{"line":374,"column":17}},"129":{"start":{"line":376,"column":8},"end":{"line":389,"column":9}},"130":{"start":{"line":377,"column":10},"end":{"line":384,"column":11}},"131":{"start":{"line":378,"column":12},"end":{"line":383,"column":13}},"132":{"start":{"line":379,"column":14},"end":{"line":379,"column":38}},"133":{"start":{"line":382,"column":14},"end":{"line":382,"column":59}},"134":{"start":{"line":385,"column":10},"end":{"line":385,"column":19}},"135":{"start":{"line":388,"column":10},"end":{"line":388,"column":37}},"136":{"start":{"line":401,"column":4},"end":{"line":401,"column":20}},"137":{"start":{"line":402,"column":4},"end":{"line":406,"column":6}},"138":{"start":{"line":403,"column":6},"end":{"line":405,"column":14}},"139":{"start":{"line":404,"column":8},"end":{"line":404,"column":41}},"140":{"start":{"line":407,"column":4},"end":{"line":428,"column":5}},"141":{"start":{"line":408,"column":6},"end":{"line":424,"column":7}},"142":{"start":{"line":409,"column":8},"end":{"line":409,"column":19}},"143":{"start":{"line":412,"column":8},"end":{"line":423,"column":11}},"144":{"start":{"line":413,"column":10},"end":{"line":422,"column":13}},"145":{"start":{"line":414,"column":12},"end":{"line":414,"column":34}},"146":{"start":{"line":416,"column":12},"end":{"line":421,"column":13}},"147":{"start":{"line":417,"column":14},"end":{"line":417,"column":34}},"148":{"start":{"line":420,"column":14},"end":{"line":420,"column":25}},"149":{"start":{"line":427,"column":6},"end":{"line":427,"column":17}},"150":{"start":{"line":435,"column":4},"end":{"line":435,"column":20}},"151":{"start":{"line":436,"column":4},"end":{"line":466,"column":5}},"152":{"start":{"line":437,"column":6},"end":{"line":439,"column":9}},"153":{"start":{"line":438,"column":8},"end":{"line":438,"column":53}},"154":{"start":{"line":442,"column":6},"end":{"line":446,"column":8}},"155":{"start":{"line":443,"column":8},"end":{"line":445,"column":16}},"156":{"start":{"line":444,"column":10},"end":{"line":444,"column":55}},"157":{"start":{"line":447,"column":6},"end":{"line":465,"column":7}},"158":{"start":{"line":448,"column":8},"end":{"line":461,"column":11}},"159":{"start":{"line":449,"column":10},"end":{"line":460,"column":22}},"160":{"start":{"line":450,"column":12},"end":{"line":450,"column":42}},"161":{"start":{"line":451,"column":12},"end":{"line":451,"column":68}},"162":{"start":{"line":453,"column":12},"end":{"line":459,"column":13}},"163":{"start":{"line":454,"column":14},"end":{"line":454,"column":58}},"164":{"start":{"line":455,"column":14},"end":{"line":455,"column":34}},"165":{"start":{"line":458,"column":14},"end":{"line":458,"column":25}},"166":{"start":{"line":464,"column":8},"end":{"line":464,"column":19}},"167":{"start":{"line":473,"column":4},"end":{"line":473,"column":48}},"168":{"start":{"line":474,"column":4},"end":{"line":476,"column":7}},"169":{"start":{"line":475,"column":6},"end":{"line":475,"column":34}},"170":{"start":{"line":483,"column":4},"end":{"line":483,"column":45}},"171":{"start":{"line":484,"column":4},"end":{"line":486,"column":7}},"172":{"start":{"line":485,"column":6},"end":{"line":485,"column":48}},"173":{"start":{"line":496,"column":4},"end":{"line":499,"column":5}},"174":{"start":{"line":497,"column":6},"end":{"line":497,"column":28}},"175":{"start":{"line":498,"column":6},"end":{"line":498,"column":22}},"176":{"start":{"line":506,"column":4},"end":{"line":506,"column":22}},"177":{"start":{"line":507,"column":4},"end":{"line":507,"column":11}},"178":{"start":{"line":521,"column":0},"end":{"line":521,"column":24}}},"branchMap":{"1":{"line":44,"type":"if","locations":[{"start":{"line":44,"column":6},"end":{"line":44,"column":6}},{"start":{"line":44,"column":6},"end":{"line":44,"column":6}}]},"2":{"line":52,"type":"if","locations":[{"start":{"line":52,"column":6},"end":{"line":52,"column":6}},{"start":{"line":52,"column":6},"end":{"line":52,"column":6}}]},"3":{"line":52,"type":"binary-expr","locations":[{"start":{"line":52,"column":10},"end":{"line":52,"column":15}},{"start":{"line":52,"column":20},"end":{"line":52,"column":38}},{"start":{"line":52,"column":44},"end":{"line":52,"column":60}}]},"4":{"line":82,"type":"if","locations":[{"start":{"line":82,"column":2},"end":{"line":82,"column":2}},{"start":{"line":82,"column":2},"end":{"line":82,"column":2}}]},"5":{"line":102,"type":"if","locations":[{"start":{"line":102,"column":2},"end":{"line":102,"column":2}},{"start":{"line":102,"column":2},"end":{"line":102,"column":2}}]},"6":{"line":127,"type":"if","locations":[{"start":{"line":127,"column":6},"end":{"line":127,"column":6}},{"start":{"line":127,"column":6},"end":{"line":127,"column":6}}]},"7":{"line":127,"type":"binary-expr","locations":[{"start":{"line":127,"column":10},"end":{"line":127,"column":25}},{"start":{"line":127,"column":29},"end":{"line":127,"column":76}}]},"8":{"line":133,"type":"if","locations":[{"start":{"line":133,"column":8},"end":{"line":133,"column":8}},{"start":{"line":133,"column":8},"end":{"line":133,"column":8}}]},"9":{"line":133,"type":"binary-expr","locations":[{"start":{"line":133,"column":12},"end":{"line":133,"column":41}},{"start":{"line":133,"column":45},"end":{"line":133,"column":92}}]},"10":{"line":138,"type":"if","locations":[{"start":{"line":138,"column":8},"end":{"line":138,"column":8}},{"start":{"line":138,"column":8},"end":{"line":138,"column":8}}]},"11":{"line":138,"type":"binary-expr","locations":[{"start":{"line":138,"column":12},"end":{"line":138,"column":40}},{"start":{"line":138,"column":44},"end":{"line":138,"column":90}}]},"12":{"line":146,"type":"if","locations":[{"start":{"line":146,"column":8},"end":{"line":146,"column":8}},{"start":{"line":146,"column":8},"end":{"line":146,"column":8}}]},"13":{"line":155,"type":"if","locations":[{"start":{"line":155,"column":6},"end":{"line":155,"column":6}},{"start":{"line":155,"column":6},"end":{"line":155,"column":6}}]},"14":{"line":159,"type":"if","locations":[{"start":{"line":159,"column":6},"end":{"line":159,"column":6}},{"start":{"line":159,"column":6},"end":{"line":159,"column":6}}]},"15":{"line":160,"type":"if","locations":[{"start":{"line":160,"column":8},"end":{"line":160,"column":8}},{"start":{"line":160,"column":8},"end":{"line":160,"column":8}}]},"16":{"line":172,"type":"if","locations":[{"start":{"line":172,"column":6},"end":{"line":172,"column":6}},{"start":{"line":172,"column":6},"end":{"line":172,"column":6}}]},"17":{"line":181,"type":"if","locations":[{"start":{"line":181,"column":6},"end":{"line":181,"column":6}},{"start":{"line":181,"column":6},"end":{"line":181,"column":6}}]},"18":{"line":210,"type":"if","locations":[{"start":{"line":210,"column":4},"end":{"line":210,"column":4}},{"start":{"line":210,"column":4},"end":{"line":210,"column":4}}]},"19":{"line":267,"type":"if","locations":[{"start":{"line":267,"column":2},"end":{"line":267,"column":2}},{"start":{"line":267,"column":2},"end":{"line":267,"column":2}}]},"20":{"line":269,"type":"if","locations":[{"start":{"line":269,"column":6},"end":{"line":269,"column":6}},{"start":{"line":269,"column":6},"end":{"line":269,"column":6}}]},"21":{"line":279,"type":"if","locations":[{"start":{"line":279,"column":4},"end":{"line":279,"column":4}},{"start":{"line":279,"column":4},"end":{"line":279,"column":4}}]},"22":{"line":300,"type":"if","locations":[{"start":{"line":300,"column":2},"end":{"line":300,"column":2}},{"start":{"line":300,"column":2},"end":{"line":300,"column":2}}]},"23":{"line":330,"type":"if","locations":[{"start":{"line":330,"column":4},"end":{"line":330,"column":4}},{"start":{"line":330,"column":4},"end":{"line":330,"column":4}}]},"24":{"line":358,"type":"if","locations":[{"start":{"line":358,"column":6},"end":{"line":358,"column":6}},{"start":{"line":358,"column":6},"end":{"line":358,"column":6}}]},"25":{"line":371,"type":"if","locations":[{"start":{"line":371,"column":8},"end":{"line":371,"column":8}},{"start":{"line":371,"column":8},"end":{"line":371,"column":8}}]},"26":{"line":376,"type":"if","locations":[{"start":{"line":376,"column":8},"end":{"line":376,"column":8}},{"start":{"line":376,"column":8},"end":{"line":376,"column":8}}]},"27":{"line":378,"type":"if","locations":[{"start":{"line":378,"column":12},"end":{"line":378,"column":12}},{"start":{"line":378,"column":12},"end":{"line":378,"column":12}}]},"28":{"line":407,"type":"if","locations":[{"start":{"line":407,"column":4},"end":{"line":407,"column":4}},{"start":{"line":407,"column":4},"end":{"line":407,"column":4}}]},"29":{"line":408,"type":"if","locations":[{"start":{"line":408,"column":6},"end":{"line":408,"column":6}},{"start":{"line":408,"column":6},"end":{"line":408,"column":6}}]},"30":{"line":416,"type":"if","locations":[{"start":{"line":416,"column":12},"end":{"line":416,"column":12}},{"start":{"line":416,"column":12},"end":{"line":416,"column":12}}]},"31":{"line":436,"type":"if","locations":[{"start":{"line":436,"column":4},"end":{"line":436,"column":4}},{"start":{"line":436,"column":4},"end":{"line":436,"column":4}}]},"32":{"line":447,"type":"if","locations":[{"start":{"line":447,"column":6},"end":{"line":447,"column":6}},{"start":{"line":447,"column":6},"end":{"line":447,"column":6}}]},"33":{"line":451,"type":"binary-expr","locations":[{"start":{"line":451,"column":21},"end":{"line":451,"column":39}},{"start":{"line":451,"column":44},"end":{"line":451,"column":66}}]},"34":{"line":453,"type":"if","locations":[{"start":{"line":453,"column":12},"end":{"line":453,"column":12}},{"start":{"line":453,"column":12},"end":{"line":453,"column":12}}]},"35":{"line":496,"type":"if","locations":[{"start":{"line":496,"column":4},"end":{"line":496,"column":4}},{"start":{"line":496,"column":4},"end":{"line":496,"column":4}}]}},"code":["// Include the libraries.","var phantomjs = require('phantomjs')","var phantom =   require('phantom');","var async = require('async');","var _ = require('underscore');","var go = require('asyncgo');","","// The current page.","var page = null;","var pageQueue = [];","var instance = null;","var loading = true;","","// Create the phantom connection.","phantom.create(\"--web-security=false\", \"--ignore-ssl-errors=true\", \"--ssl-protocol=any\", function(ph) {","","  // Save the instance.","  instance = ph;","","  // Create the page.","  return ph.createPage(function(pg) {","","    // Set the page.","    page = pg;","","    // Num resources outstanding.","    var resources = 0;","","    // Whether page has loaded.","    var ready = false;","","    // Pass along console messages.","    page.set('onConsoleMessage', function(msg) {","      console.log('Console:' + msg);","    });","","    // Log any errors.","    page.set('onResourceError', function(err) {","      console.log('ERROR: ' + err.errorString);","    });","","    // Increment our outstanding resources counter.","    page.set('onResourceRequested', function() {","      if (ready) {","        loading = true;","        resources++;","      }","    });","","    // Fire an event when we have received a resource.","    page.set('onResourceReceived', function(res) {","      if (ready && (res.stage == 'end') && (--resources == 0)) {","        loading = false;","      }","    });","","    // Trigger when the loading has started.","    page.set('onLoadStarted', function() {","      loading = true;","    });","","    // Trigger when the loading has finished.","    page.set('onLoadFinished', function() {","      loading = (resources > 0);","      ready = true;","    });","","    // Empty the get page queue.","    _.each(pageQueue, function(queue) {","      queue(page);","    });","  });","}, { binary: phantomjs.path });","","/**"," * Returns the current page within the phantom browser."," *"," * @param {function} callback"," *   Called with the page once it is available."," */","var getPage = function(callback) {","  if (page) {","    callback(page);","  }","  else {","    pageQueue.push(callback);","  }","};","","/**"," * jQuery Interface class."," *"," * @param {string} selector"," *   The selector to use for the interface."," * @param {string} context"," *   The context to use for the interface."," *"," * @returns {jQueryInterface}"," */","var jQueryInterface = function(selector, context) {","  this.selector = selector;","  if (typeof context == 'function') {","    this.context = null;","    this.asyncExecute(null, null, context);","  }","  else {","    this.context = context;","  }","","  this.instance = -1;","  this.index = -1;","  this.length = -1;","};","","/**"," *  Execute the query."," */","jQueryInterface.prototype.asyncExecute = function(method, args, callback) {","  var self = this;","","  // Get the page.","  getPage(function(page) {","","    // Evaluate some javascript on this page.","    page.evaluate(function(a) {","      var query = null, retVal = {};","      if (a.instance >= 0 && typeof window.phNodes[a.instance] !== undefined) {","        query = window.phNodes[a.instance];","      }","      else {","","        // See if the selector is a stored node.","        if (typeof a.selector == 'number' && typeof window.phNodes[a.selector] !== undefined) {","          a.selector = window.phNodes[a.selector];","        }","","        // See if the context is a stored node.","        if (typeof a.context == 'number' && typeof window.phNodes[a.context] !== undefined) {","          a.context = window.phNodes[a.context];","        }","","        // Query the new jQuery item.","        query = jQuery(a.selector, a.context);","","        // Add this to the phNodes array.","        if (!window.phNodes) {","          window.phNodes = [];","        }","        window.phNodes.push(query);","        retVal.instance = (window.phNodes.length - 1);","      }","","      retVal.length = query.length;","","      if (a.index >= 0) {","        query = query.eq(a.index);","      }","","      if (a.method) {","        if (a.args.length > 0) {","          retVal.value = query[a.method].apply(query, a.args);","        }","        else {","          retVal.value = query[a.method]();","        }","      }","      else {","        retVal.value = query.length;","      }","","      // Make sure not to return the whole jquery object.","      if (typeof retVal.value.jquery === 'string') {","        retVal.value = false;","      }","","      // Return the value.","      return retVal;","    }, function(retVal) {","","      // Set the instance and length if they exist.","      if (retVal.instance) {","        self.instance = retVal.instance;","      }","","      // Trigger the callback.","      self.length = retVal.length;","      callback.call(self, retVal.value);","    }, {","      selector: self.selector,","      context: self.context,","      instance: self.instance,","      index: self.index,","      method: method,","      args: args","    });","  });","};","","/**"," * Maps the calls made to the interface to a call made within PhantomJS browser."," */","jQueryInterface.prototype.asyncCall = function() {","  var self = this;","  var args = _.filter(_.values(arguments), function(arg) {","    return !!arg;","  });","  var method = args.shift();","  var callback = args.pop();","  context = function(val) {","    if (loading) {","      setTimeout(function() {","        context.call(self, val);","      }, 100);","    } else {","      callback.call(self, val);","    }","  }","  this.asyncExecute(method, args, context);","};","","// Set the go method.","jQueryInterface.prototype.go = go;","","// For each of the jQuery interfaces, add a prototype.","_.each(['add', 'addBack', 'addClass', 'after', 'ajaxComplete', 'ajaxError',","  'ajaxSend', 'ajaxStart', 'ajaxStop', 'ajaxSuccess', 'andSelf', 'animate',","  'append', 'appendTo', 'attr', 'before', 'bind', 'blur', 'change', 'children',","  'clearQueue', 'click', 'clone', 'closest', 'contents', 'css', 'data',","  'dblclick', 'delay', 'delegate', 'dequeue', 'detach', 'die', 'empty', 'end',","  'eq', 'error', 'fadeIn', 'fadeOut', 'fadeTo', 'fadeToggle', 'filter', 'find',","  'finish', 'first', 'focus', 'focusin', 'focusout', 'get', 'has', 'hasClass',","  'height', 'hide', 'hover', 'html', 'index', 'innerHeight', 'innerWidth',","  'insertAfter', 'insertBefore', 'is', 'keydown', 'keypress', 'keyup', 'last',","  'live', 'load', 'map', 'mousedown', 'mouseenter', 'mouseleave', 'mousemove',","  'mouseout', 'mouseover', 'mouseup', 'next', 'nextAll', 'nextUntil', 'not',","  'off', 'offset', 'offsetParent', 'on', 'one', 'outerHeight', 'outerWidth',","  'parent', 'parents', 'parentsUntil', 'position', 'prepend', 'prependTo',","  'prev', 'prevAll', 'prevUntil', 'promise', 'prop', 'pushStack', 'queue',","  'ready', 'remove', 'removeAttr', 'removeClass', 'removeData', 'removeProp',","  'replaceAll', 'replaceWith', 'resize', 'scroll', 'scrollLeft', 'scrollTop',","  'select', 'serialize', 'serializeArray', 'show', 'siblings', 'size', 'slice',","  'slideDown', 'slideToggle', 'slideUp', 'stop', 'submit', 'text', 'toArray',","  'toggle', 'toggleClass', 'trigger', 'triggerHandler', 'unbind', 'undelegate',","  'unload', 'unwrap', 'val', 'width', 'wrap', 'wrapAll', 'wrapInner'","], function(method) {","","  // Add the prototype for that method.","  jQueryInterface.prototype[method] = function() {","    var args = _.values(arguments);","    args.unshift(method);","    return this.asyncCall.apply(this, args);","  };","});","","/**"," * Implement the each method."," *"," * @param function callback"," *   The callback that is called for each item."," * @param function done"," *   The function that is called when all of the items have been iterated."," */","jQueryInterface.prototype.each = function(callback, done) {","  var self = this;","","  // If the length has not yet been defined.","  if (this.length < 0) {","    this.eq(0, function() {","      if (!self.length) {","        done(true);","      }","      else {","        self.each(callback, done);","      }","    });","  }","  else {","    this.index++;","    if (this.index >= this.length) {","      done();","    }","    else {","      callback.call(this, this.index, this, function() {","        self.each(callback, done);","      });","    }","  }","};","","/**"," * Define the jQuery() interface."," *"," * @param {type} selector"," * @param {type} context"," * @returns {jQuery.Anonym$0}"," */","var jQuery = _.extend(function(selector, context) {","","  // If this already is a jQueryInterface.","  if (typeof selector === 'object') {","    return selector;","  }","  else {","    // Return a new jQuery Interface.","    return new jQueryInterface(selector, context);","  }","}, {","","  /**","   * Ability to change the configs.","   */","  config: {","    addJQuery: true,","    jQuery: '//code.jquery.com/jquery-1.11.1.min.js',","    site: '',","    width: 1920,","    height: 1080,","    debug: true","  },","","  /**","   * Keep track when the viewport size has been set.","   */","  viewportSizeSet: false,","","  /**","   * Send a debug message to the console.","   */","  debug: function(msg) {","    if (this.config.debug) {","      console.log(msg);","    }","  },","","  /**","   * Wait a period of time.","   */","  wait: function(time, done) {","    var self = this;","    setTimeout(function() {","      done.call(self);","    }, time);","  },","","  /**","   * Used to visit a page.","   *","   * @param {string} url","   *   The url you wish to visit.","   * @param {function} callback","   *   Called when the page is done visiting.","   */","  visit: function(url, callback) {","    var self = this;","    getPage(function(page) {","","      // Set the page size if it hasn't already been set.","      if (!self.viewportSizeSet) {","        self.viewportSizeSet = true;","        page.set('viewportSize', {","          width: self.config.width,","          height: self.config.height","        }, function (result) {","          self.debug(\"Viewport set to: \" + result.width + \"x\" + result.height);","        });","      }","","      // Open the page.","      self.debug('Navigating to ' + self.config.site + url);","      page.open(self.config.site + url, function(status) {","        if (status == 'fail') {","          self.close();","          process.exit();","          return;","        }","        if (self.config.addJQuery) {","          var loadJS = function() {","            if (loading) {","              setTimeout(loadJS, 100);","            }","            else {","              page.includeJs(self.config.jQuery, callback);","            }","          }","          loadJS();","        }","        else {","          self.waitForPage(callback);","        }","      });","    });","  },","","  /**","   * Wait for the page to load.","   *","   * @param {type} callback","   * @returns {undefined}","   */","  waitForPage: function(callback, nowait) {","    var self = this;","    var loadWait = function() {","      setTimeout(function() {","        self.waitForPage(callback, true);","      }, 100);","    };","    if (nowait) {","      if (loading) {","        loadWait();","      }","      else {","        getPage(function(page) {","          page.evaluate(function() {","            return jQuery.isReady;","          }, function(ready) {","            if (ready) {","              callback.call(self);","            }","            else {","              loadWait();","            }","          });","        });","      }","    }","    else {","      loadWait();","    }","  },","","  /**","   * Waits for an element to be present.","   */","  waitForElement: function(element, callback, nowait) {","    var self = this;","    if (!nowait) {","      this.waitForPage(function() {","        self.waitForElement(element, callback, true);","      });","    }","    else {","      var loadWait = function() {","        setTimeout(function() {","          self.waitForElement(element, callback, true);","        }, 100);","      };","      if (nowait) {","        getPage(function(page) {","          page.evaluate(function(element) {","            var element = jQuery(element);","            return ((element.length > 0) && element.is(':visible'));","          }, function(found) {","            if (found) {","              self.debug('Element ' + element + ' found');","              callback.call(self);","            }","            else {","              loadWait();","            }","          }, element);","        });","      }","      else {","        loadWait();","      }","    }","  },","","  /**","   * Capture the page as an image.","   */","  capture: function(filename, done) {","    this.debug('Capturing page at ' + filename);","    getPage(function(page) {","      page.render(filename, done);","    });","  },","","  /**","   * Upload File to a Form.","   */","  uploadFile: function(selector, filename, done) {","    self.debug('Upload file to ' + selector);","    getPage(function(page) {","      page.uploadFile(selector, filename, done);","    });","  },","","  /**","   * Close the phantom browser.","   * @returns {undefined}","   */","  close: function() {","","    // Close the phantom browser instance.","    if (instance) {","      this.debug('Closing');","      instance.exit();","    }","  },","","  /**","   * Prints to the console.","   */","  print: function(text, done) {","    console.log(text);","    done();","  },","","  /**","   * The getPage method.","   */","  getPage: getPage,","","  /**","   * The go method.","   */","  go: go","});","","module.exports = jQuery;",""],"l":{"2":1,"3":1,"4":1,"5":1,"6":1,"9":1,"10":1,"11":1,"12":1,"15":1,"18":0,"21":0,"24":0,"27":0,"30":0,"33":0,"34":0,"38":0,"39":0,"43":0,"44":0,"45":0,"46":0,"51":0,"52":0,"53":0,"58":0,"59":0,"63":0,"64":0,"65":0,"69":0,"70":0,"81":1,"82":0,"83":0,"86":0,"100":1,"101":0,"102":0,"103":0,"104":0,"107":0,"110":0,"111":0,"112":0,"118":1,"119":0,"122":0,"125":0,"126":0,"127":0,"128":0,"133":0,"134":0,"138":0,"139":0,"143":0,"146":0,"147":0,"149":0,"150":0,"153":0,"155":0,"156":0,"159":0,"160":0,"161":0,"164":0,"168":0,"172":0,"173":0,"177":0,"181":0,"182":0,"186":0,"187":0,"202":1,"203":0,"204":0,"205":0,"207":0,"208":0,"209":0,"210":0,"211":0,"212":0,"215":0,"218":0,"222":1,"225":1,"248":138,"249":0,"250":0,"251":0,"263":1,"264":0,"267":0,"268":0,"269":0,"270":0,"273":0,"278":0,"279":0,"280":0,"283":0,"284":0,"297":1,"300":0,"301":0,"305":0,"330":0,"331":0,"339":0,"340":0,"341":0,"354":0,"355":0,"358":0,"359":0,"360":0,"364":0,"369":0,"370":0,"371":0,"372":0,"373":0,"374":0,"376":0,"377":0,"378":0,"379":0,"382":0,"385":0,"388":0,"401":0,"402":0,"403":0,"404":0,"407":0,"408":0,"409":0,"412":0,"413":0,"414":0,"416":0,"417":0,"420":0,"427":0,"435":0,"436":0,"437":0,"438":0,"442":0,"443":0,"444":0,"447":0,"448":0,"449":0,"450":0,"451":0,"453":0,"454":0,"455":0,"458":0,"464":0,"473":0,"474":0,"475":0,"483":0,"484":0,"485":0,"496":0,"497":0,"498":0,"506":0,"507":0,"521":1}}}